Arguments: 
  /usr/local/bin/node /usr/local/bin/yarn add v1.3.2

PATH: 
  /Users/qianzhixiang/Downloads/mongodb/bin:/Users/qianzhixiang/bin:/usr/local/bin:/Users/qianzhixiang/.nvm/versions/node/v6.11.0/bin:/Library/Frameworks/Python.framework/Versions/3.6/bin:/usr/local/bin:/usr/bin:/bin:/usr/sbin:/sbin:/usr/local/go/bin:/opt/X11/bin:/usr/local/git/bin:/Users/qianzhixiang/spark-2.0.2-bin-hadoop2.7/bin:/Users/qianzhixiang/application/apache-maven-3.5.3/bin:/anaconda3/bin

Yarn version: 
  1.3.2

Node version: 
  8.9.0

Platform: 
  darwin x64

npm manifest: 
  {
    "name": "ts-vue",
    "version": "1.0.0",
    "description": "",
    "main": "index.js",
    "scripts": {
      "test": "echo \"Error: no test specified\" && exit 1"
    },
    "keywords": [],
    "author": "",
    "license": "ISC",
    "dependencies": {
      "lodash": "^4.17.10",
      "tslib": "^1.9.2",
      "vue": "^2.5.16",
      "vue-class-component": "^6.2.0"
    }
  }

yarn manifest: 
  No manifest

Lockfile: 
  # THIS IS AN AUTOGENERATED FILE. DO NOT EDIT THIS FILE DIRECTLY.
  # yarn lockfile v1
  
  
  lodash@^4.17.10:
    version "4.17.10"
    resolved "https://registry.npmjs.org/lodash/-/lodash-4.17.10.tgz#1b7793cf7259ea38fb3661d4d38b3260af8ae4e7"
  
  tslib@^1.9.2:
    version "1.9.2"
    resolved "https://registry.npmjs.org/tslib/-/tslib-1.9.2.tgz#8be0cc9a1f6dc7727c38deb16c2ebd1a2892988e"
  
  vue-class-component@^6.2.0:
    version "6.2.0"
    resolved "https://registry.npmjs.org/vue-class-component/-/vue-class-component-6.2.0.tgz#7adb1daa9a868c75f30f97f33f4f1b94aee62089"
  
  vue@^2.5.16:
    version "2.5.16"
    resolved "https://registry.npmjs.org/vue/-/vue-2.5.16.tgz#07edb75e8412aaeed871ebafa99f4672584a0085"

Trace: 
  Error: https://registry.npmjs.org/v1.3.2: ETIMEDOUT
      at Timeout._onTimeout (/usr/local/lib/node_modules/yarn/lib/cli.js:123749:19)
      at ontimeout (timers.js:475:11)
      at tryOnTimeout (timers.js:310:5)
      at Timer.listOnTimeout (timers.js:270:5)
